<?xml version="1.0" encoding="UTF-8"?>
<testsuite xmlns:xsi="http://www.w3.org/2001/XMLSchema-instance" xsi:noNamespaceSchemaLocation="https://maven.apache.org/surefire/maven-surefire-plugin/xsd/surefire-test-report-3.0.xsd" version="3.0" name="CreateUserTests" time="9.745" tests="7" errors="0" skipped="0" failures="0">
  <properties>
[...]
</properties>
  <testcase name="Users_CreateUsers_Success" classname="CreateUserTests" time="1.867">
    <system-out><![CDATA[Request method:	POST
Request URI:	https://gorest.co.in/public/v1/users
Proxy:			<none>
Request params:	<none>
Query params:	<none>
Form params:	<none>
Path params:	<none>
Headers:		Authorization=Bearer fa80cece96297cd1ee8f66607d62a94723a4ddd79769451e5a6ef9efba66ca61
				Accept=*/*
				Content-Type=application/json
Cookies:		<none>
Multiparts:		<none>
Body:
{
    "name": "Shelia Mohr",
    "gender": "male",
    "email": "fake_lorette.parisian@yahoo.com",
    "status": "inactive"
}
HTTP/1.1 201 Created
Date: Sun, 23 Jun 2024 22:17:59 GMT
Content-Type: application/json; charset=utf-8
Content-Length: 134
Connection: keep-alive
Cache-Control: max-age=0, private, must-revalidate
etag: W/"159b59d809aa2d903b80ca0b4cefac4b"
location: https://gorest.co.in/public/v1/users/6979501
referrer-policy: strict-origin-when-cross-origin
vary: Origin
x-content-type-options: nosniff
x-download-options: noopen
x-frame-options: SAMEORIGIN
x-permitted-cross-domain-policies: none
x-ratelimit-limit: 90
x-ratelimit-remaining: 87
x-ratelimit-reset: 1
x-request-id: 59344d30-5a75-4155-9819-7e57e5411e5d
x-runtime: 0.130370
x-xss-protection: 0
CF-Cache-Status: DYNAMIC
Report-To: {"endpoints":[{"url":"https:\/\/a.nel.cloudflare.com\/report\/v4?s=VLgWd7t7RRCG3ZyfRGmIH3s5AFDm89oftn8i2tvBR8Ga2ZCHNL1H%2B2d3vl8TVRbPrEh3ju3nVEhaBuH2DEnoBMJrJxU2DTPz7UpT%2BBpdTK2bOQNJlz8ernwr%2BgLCgoM%3D"}],"group":"cf-nel","max_age":604800}
NEL: {"success_fraction":0,"report_to":"cf-nel","max_age":604800}
Server: cloudflare
CF-RAY: 8987d9ebedc063ef-LHR
alt-svc: h3=":443"; ma=86400

{
    "meta": null,
    "data": {
        "id": 6979501,
        "name": "Shelia Mohr",
        "email": "fake_lorette.parisian@yahoo.com",
        "gender": "male",
        "status": "inactive"
    }
}
]]></system-out>
  </testcase>
  <testcase name="Users_CreateUsers_WrongEmail" classname="CreateUserTests" time="0.848">
    <system-out><![CDATA[Request method:	POST
Request URI:	https://gorest.co.in/public/v1/users
Proxy:			<none>
Request params:	<none>
Query params:	<none>
Form params:	<none>
Path params:	<none>
Headers:		Authorization=Bearer fa80cece96297cd1ee8f66607d62a94723a4ddd79769451e5a6ef9efba66ca61
				Accept=*/*
				Content-Type=application/json
Cookies:		<none>
Multiparts:		<none>
Body:
{
    "name": "Mr. Brant Wuckert",
    "gender": "Male",
    "email": "InvalidEmail",
    "status": "Active"
}
HTTP/1.1 422 Unprocessable Entity
Date: Sun, 23 Jun 2024 22:17:59 GMT
Content-Type: application/json; charset=utf-8
Content-Length: 63
Connection: keep-alive
Cache-Control: no-cache
referrer-policy: strict-origin-when-cross-origin
vary: Origin
x-content-type-options: nosniff
x-download-options: noopen
x-frame-options: SAMEORIGIN
x-permitted-cross-domain-policies: none
x-ratelimit-limit: 90
x-ratelimit-remaining: 89
x-ratelimit-reset: 1
x-request-id: 17fe08a1-63b0-4e03-b95c-0c531f32edee
x-runtime: 0.085097
x-xss-protection: 0
CF-Cache-Status: DYNAMIC
Report-To: {"endpoints":[{"url":"https:\/\/a.nel.cloudflare.com\/report\/v4?s=jlBNmkRVxNC0NBfHCGYHlfQ0EbU7LfDMb%2F%2BRbcMdflsQHmnknaDARENUPX21dQFzbTzO20r6%2FShp1tP3TVfcjVYU9XiU25lsbJIz5pSbYDu%2BstyaPLdli0hHYva8DrM%3D"}],"group":"cf-nel","max_age":604800}
NEL: {"success_fraction":0,"report_to":"cf-nel","max_age":604800}
Server: cloudflare
CF-RAY: 8987d9f23f9a6355-LHR
alt-svc: h3=":443"; ma=86400

{
    "meta": null,
    "data": [
        {
            "field": "email",
            "message": "is invalid"
        }
    ]
}
]]></system-out>
  </testcase>
  <testcase name="Users_CreateUsers_MissingGender" classname="CreateUserTests" time="0.784">
    <system-out><![CDATA[Request method:	POST
Request URI:	https://gorest.co.in/public/v1/users
Proxy:			<none>
Request params:	<none>
Query params:	<none>
Form params:	<none>
Path params:	<none>
Headers:		Authorization=Bearer fa80cece96297cd1ee8f66607d62a94723a4ddd79769451e5a6ef9efba66ca61
				Accept=*/*
				Content-Type=application/json
Cookies:		<none>
Multiparts:		<none>
Body:
{
    "name": "Carter Kutch Jr.",
    "email": "fake_odis.robel@gmail.com",
    "status": "active"
}
HTTP/1.1 422 Unprocessable Entity
Date: Sun, 23 Jun 2024 22:18:00 GMT
Content-Type: application/json; charset=utf-8
Content-Length: 91
Connection: keep-alive
Cache-Control: no-cache
referrer-policy: strict-origin-when-cross-origin
vary: Origin
x-content-type-options: nosniff
x-download-options: noopen
x-frame-options: SAMEORIGIN
x-permitted-cross-domain-policies: none
x-ratelimit-limit: 90
x-ratelimit-remaining: 89
x-ratelimit-reset: 2
x-request-id: 54898fd3-9024-4d52-beb4-e594e904371c
x-runtime: 0.100606
x-xss-protection: 0
CF-Cache-Status: DYNAMIC
Report-To: {"endpoints":[{"url":"https:\/\/a.nel.cloudflare.com\/report\/v4?s=zLctn82T2lAyxY2uXZOJzypq0X1VqHxy4W8FIDofS7yHkvGRrLonO5ZmJGQSY35rWfi92CDvkLNOWYIxBSwu24ijasS%2FRTek%2FN%2BL9toTyZ6xRQqnYeEyEC6ziXiySGw%3D"}],"group":"cf-nel","max_age":604800}
NEL: {"success_fraction":0,"report_to":"cf-nel","max_age":604800}
Server: cloudflare
CF-RAY: 8987d9f79b0f60e1-LHR
alt-svc: h3=":443"; ma=86400

{
    "meta": null,
    "data": [
        {
            "field": "gender",
            "message": "can't be blank, can be male of female"
        }
    ]
}
]]></system-out>
  </testcase>
  <testcase name="Users_CreateUsers_MissingStatus" classname="CreateUserTests" time="0.552">
    <system-out><![CDATA[Request method:	POST
Request URI:	https://gorest.co.in/public/v1/users
Proxy:			<none>
Request params:	<none>
Query params:	<none>
Form params:	<none>
Path params:	<none>
Headers:		Authorization=Bearer fa80cece96297cd1ee8f66607d62a94723a4ddd79769451e5a6ef9efba66ca61
				Accept=*/*
				Content-Type=application/json
Cookies:		<none>
Multiparts:		<none>
Body:
{
    "name": "Foster Beier",
    "gender": "male",
    "email": "fake_joycelyn.collier@gmail.com"
}
HTTP/1.1 422 Unprocessable Entity
Date: Sun, 23 Jun 2024 22:18:01 GMT
Content-Type: application/json; charset=utf-8
Content-Length: 68
Connection: keep-alive
Cache-Control: no-cache
referrer-policy: strict-origin-when-cross-origin
vary: Origin
x-content-type-options: nosniff
x-download-options: noopen
x-frame-options: SAMEORIGIN
x-permitted-cross-domain-policies: none
x-ratelimit-limit: 90
x-ratelimit-remaining: 88
x-ratelimit-reset: 2
x-request-id: e99f861b-2837-40a1-afce-2f0f1161af5e
x-runtime: 0.105787
x-xss-protection: 0
CF-Cache-Status: DYNAMIC
Report-To: {"endpoints":[{"url":"https:\/\/a.nel.cloudflare.com\/report\/v4?s=LmbHXjUi27gXp%2BJ%2BCv1%2BHMgABuWNpVZwH16SuPnK5FChbNqQBw%2FTDwvULCiA5nE6rL9ZFAF0q3mMiRktQy3MCACjz5n%2BY6Hu6h78uVnsfwrQ5kQnsSd2xssC0RuMaPc%3D"}],"group":"cf-nel","max_age":604800}
NEL: {"success_fraction":0,"report_to":"cf-nel","max_age":604800}
Server: cloudflare
CF-RAY: 8987d9fc1dc006b6-LHR
alt-svc: h3=":443"; ma=86400

{
    "meta": null,
    "data": [
        {
            "field": "status",
            "message": "can't be blank"
        }
    ]
}
]]></system-out>
  </testcase>
  <testcase name="Users_CreateUsers_ExistingEmail" classname="CreateUserTests" time="3.512">
    <system-out><![CDATA[Request method:	POST
Request URI:	https://gorest.co.in/public/v1/users
Proxy:			<none>
Request params:	<none>
Query params:	<none>
Form params:	<none>
Path params:	<none>
Headers:		Authorization=Bearer fa80cece96297cd1ee8f66607d62a94723a4ddd79769451e5a6ef9efba66ca61
				Accept=*/*
				Content-Type=application/json
Cookies:		<none>
Multiparts:		<none>
Body:
{
    "name": "Sanford Weber",
    "gender": "male",
    "email": "fake_shelby.lindgren@yahoo.com",
    "status": "inactive"
}
HTTP/1.1 201 Created
Date: Sun, 23 Jun 2024 22:18:02 GMT
Content-Type: application/json; charset=utf-8
Content-Length: 135
Connection: keep-alive
Cache-Control: max-age=0, private, must-revalidate
etag: W/"74a327de46bc43cd8e37de66236904a6"
location: https://gorest.co.in/public/v1/users/6979502
referrer-policy: strict-origin-when-cross-origin
vary: Origin
x-content-type-options: nosniff
x-download-options: noopen
x-frame-options: SAMEORIGIN
x-permitted-cross-domain-policies: none
x-ratelimit-limit: 90
x-ratelimit-remaining: 88
x-ratelimit-reset: 2
x-request-id: 94785875-539b-45ed-a393-b041e2fd9ef2
x-runtime: 0.140686
x-xss-protection: 0
CF-Cache-Status: DYNAMIC
Report-To: {"endpoints":[{"url":"https:\/\/a.nel.cloudflare.com\/report\/v4?s=szuPJowxgiPJfqOZYjekmOKXJRPXB9UPlg1B0gyvUg5XLdcrEiqSIVpM1%2FQSNyCFqzPCpMbrxLwwf4AJoFE7NOmSif29U64f54EqQYw7HIi0gi9JvQlx8Fgn9OMgYEM%3D"}],"group":"cf-nel","max_age":604800}
NEL: {"success_fraction":0,"report_to":"cf-nel","max_age":604800}
Server: cloudflare
CF-RAY: 8987d9ff5da976f5-LHR
alt-svc: h3=":443"; ma=86400

{
    "meta": null,
    "data": {
        "id": 6979502,
        "name": "Sanford Weber",
        "email": "fake_shelby.lindgren@yahoo.com",
        "gender": "male",
        "status": "inactive"
    }
}
HTTP/1.1 201 Created
Date: Sun, 23 Jun 2024 22:18:02 GMT
Content-Type: application/json; charset=utf-8
Content-Length: 135
Connection: keep-alive
Cache-Control: max-age=0, private, must-revalidate
etag: W/"74a327de46bc43cd8e37de66236904a6"
location: https://gorest.co.in/public/v1/users/6979502
referrer-policy: strict-origin-when-cross-origin
vary: Origin
x-content-type-options: nosniff
x-download-options: noopen
x-frame-options: SAMEORIGIN
x-permitted-cross-domain-policies: none
x-ratelimit-limit: 90
x-ratelimit-remaining: 88
x-ratelimit-reset: 2
x-request-id: 94785875-539b-45ed-a393-b041e2fd9ef2
x-runtime: 0.140686
x-xss-protection: 0
CF-Cache-Status: DYNAMIC
Report-To: {"endpoints":[{"url":"https:\/\/a.nel.cloudflare.com\/report\/v4?s=szuPJowxgiPJfqOZYjekmOKXJRPXB9UPlg1B0gyvUg5XLdcrEiqSIVpM1%2FQSNyCFqzPCpMbrxLwwf4AJoFE7NOmSif29U64f54EqQYw7HIi0gi9JvQlx8Fgn9OMgYEM%3D"}],"group":"cf-nel","max_age":604800}
NEL: {"success_fraction":0,"report_to":"cf-nel","max_age":604800}
Server: cloudflare
CF-RAY: 8987d9ff5da976f5-LHR
alt-svc: h3=":443"; ma=86400

{
    "meta": null,
    "data": {
        "id": 6979502,
        "name": "Sanford Weber",
        "email": "fake_shelby.lindgren@yahoo.com",
        "gender": "male",
        "status": "inactive"
    }
}
Request method:	POST
Request URI:	https://gorest.co.in/public/v1/users
Proxy:			<none>
Request params:	<none>
Query params:	<none>
Form params:	<none>
Path params:	<none>
Headers:		Authorization=Bearer fa80cece96297cd1ee8f66607d62a94723a4ddd79769451e5a6ef9efba66ca61
				Accept=*/*
				Content-Type=application/json
Cookies:		<none>
Multiparts:		<none>
Body:
{
    "name": "Debra Prosacco",
    "gender": "female",
    "email": "fake_shelby.lindgren@yahoo.com",
    "status": "active"
}
HTTP/1.1 422 Unprocessable Entity
Date: Sun, 23 Jun 2024 22:18:04 GMT
Content-Type: application/json; charset=utf-8
Content-Length: 75
Connection: keep-alive
Cache-Control: no-cache
referrer-policy: strict-origin-when-cross-origin
vary: Origin
x-content-type-options: nosniff
x-download-options: noopen
x-frame-options: SAMEORIGIN
x-permitted-cross-domain-policies: none
x-ratelimit-limit: 90
x-ratelimit-remaining: 88
x-ratelimit-reset: 1
x-request-id: 04eacf0b-1b23-4e70-b8f8-80c8dda00216
x-runtime: 0.134723
x-xss-protection: 0
CF-Cache-Status: DYNAMIC
Report-To: {"endpoints":[{"url":"https:\/\/a.nel.cloudflare.com\/report\/v4?s=CoZtM1yPxoR1gpLo5%2FLVFv5GD2CzSs8wOb4fL4OisG2kz2CZcxyoWuV%2B0kR7Y%2F4TD1v3R73reThoXnSplNOIhwegM2VbtA9DSu0259HN7lzYedtWreiGuVszKo4pIAw%3D"}],"group":"cf-nel","max_age":604800}
NEL: {"success_fraction":0,"report_to":"cf-nel","max_age":604800}
Server: cloudflare
CF-RAY: 8987da110c2293fc-LHR
alt-svc: h3=":443"; ma=86400

{
    "meta": null,
    "data": [
        {
            "field": "email",
            "message": "has already been taken"
        }
    ]
}
]]></system-out>
  </testcase>
  <testcase name="Users_CreateUsers_WrongStatus" classname="CreateUserTests" time="1.155">
    <system-out><![CDATA[Request method:	POST
Request URI:	https://gorest.co.in/public/v1/users
Proxy:			<none>
Request params:	<none>
Query params:	<none>
Form params:	<none>
Path params:	<none>
Headers:		Authorization=Bearer fa80cece96297cd1ee8f66607d62a94723a4ddd79769451e5a6ef9efba66ca61
				Accept=*/*
				Content-Type=application/json
Cookies:		<none>
Multiparts:		<none>
Body:
{
    "name": "Houston Corwin",
    "gender": "Male",
    "email": "fake_eugene.vonrueden@hotmail.com",
    "status": "InvalidStatus"
}
HTTP/1.1 422 Unprocessable Entity
Date: Sun, 23 Jun 2024 22:18:05 GMT
Content-Type: application/json; charset=utf-8
Content-Length: 68
Connection: keep-alive
Cache-Control: no-cache
referrer-policy: strict-origin-when-cross-origin
vary: Origin
x-content-type-options: nosniff
x-download-options: noopen
x-frame-options: SAMEORIGIN
x-permitted-cross-domain-policies: none
x-ratelimit-limit: 90
x-ratelimit-remaining: 89
x-ratelimit-reset: 1
x-request-id: 8d4818fc-3c0a-4db3-a7e9-e700cf37ef2d
x-runtime: 0.104073
x-xss-protection: 0
CF-Cache-Status: DYNAMIC
Report-To: {"endpoints":[{"url":"https:\/\/a.nel.cloudflare.com\/report\/v4?s=xhD2RXSBWFjWULjLpem3kub%2B7f6T9aE%2BfPzI2eDLLv%2FMBE5pmwzqkz02SjczQ59hS4HMBSdne%2Bm1yhAFHE7i4iMD%2BkSKHsFco%2Bb8LJ1qqQzcQR2Q8UbDsI55yM2q7Ag%3D"}],"group":"cf-nel","max_age":604800}
NEL: {"success_fraction":0,"report_to":"cf-nel","max_age":604800}
Server: cloudflare
CF-RAY: 8987da1649ac6343-LHR
alt-svc: h3=":443"; ma=86400

{
    "meta": null,
    "data": [
        {
            "field": "status",
            "message": "can't be blank"
        }
    ]
}
]]></system-out>
  </testcase>
  <testcase name="Users_CreateUsers_MissingEmail" classname="CreateUserTests" time="1.013">
    <system-out><![CDATA[Request method:	POST
Request URI:	https://gorest.co.in/public/v1/users
Proxy:			<none>
Request params:	<none>
Query params:	<none>
Form params:	<none>
Path params:	<none>
Headers:		Authorization=Bearer fa80cece96297cd1ee8f66607d62a94723a4ddd79769451e5a6ef9efba66ca61
				Accept=*/*
				Content-Type=application/json
Cookies:		<none>
Multiparts:		<none>
Body:
{
    "name": "Jonah Abernathy",
    "gender": "male",
    "status": "inactive"
}
HTTP/1.1 422 Unprocessable Entity
Date: Sun, 23 Jun 2024 22:18:06 GMT
Content-Type: application/json; charset=utf-8
Content-Length: 67
Connection: keep-alive
Cache-Control: no-cache
referrer-policy: strict-origin-when-cross-origin
vary: Origin
x-content-type-options: nosniff
x-download-options: noopen
x-frame-options: SAMEORIGIN
x-permitted-cross-domain-policies: none
x-ratelimit-limit: 90
x-ratelimit-remaining: 89
x-ratelimit-reset: 1
x-request-id: ef1a9bd1-ffed-43d8-b828-8c60672a8344
x-runtime: 0.071992
x-xss-protection: 0
CF-Cache-Status: DYNAMIC
Report-To: {"endpoints":[{"url":"https:\/\/a.nel.cloudflare.com\/report\/v4?s=tC%2Bj89JS1ZvvMEjzqgmXE4umncAebI3db4wOOr70tJQaksG0MiusdrluiliP5wWGm0G8vyoZ0Y2kO7qMnIvJqZJ2LHeAmyAN4nIvIB49vvvpGWn5IiyJO%2F5fB%2BBoNkM%3D"}],"group":"cf-nel","max_age":604800}
NEL: {"success_fraction":0,"report_to":"cf-nel","max_age":604800}
Server: cloudflare
CF-RAY: 8987da1c682771d8-LHR
alt-svc: h3=":443"; ma=86400

{
    "meta": null,
    "data": [
        {
            "field": "email",
            "message": "can't be blank"
        }
    ]
}
]]></system-out>
  </testcase>
</testsuite>