<?xml version="1.0" encoding="UTF-8"?>
<testsuite xmlns:xsi="http://www.w3.org/2001/XMLSchema-instance" xsi:noNamespaceSchemaLocation="https://maven.apache.org/surefire/maven-surefire-plugin/xsd/surefire-test-report-3.0.xsd" version="3.0" name="UpdateUserTests" time="9.882" tests="7" errors="0" skipped="0" failures="0">
  <properties>
[...]
</properties>
  <testcase name="Users_UpdateUsers_EmptyBody" classname="UpdateUserTests" time="1.532">
    <system-out><![CDATA[Request method:	POST
Request URI:	https://gorest.co.in/public/v1/users
Proxy:			<none>
Request params:	<none>
Query params:	<none>
Form params:	<none>
Path params:	<none>
Headers:		Authorization=Bearer fa80cece96297cd1ee8f66607d62a94723a4ddd79769451e5a6ef9efba66ca61
				Accept=*/*
				Content-Type=application/json
Cookies:		<none>
Multiparts:		<none>
Body:
{
    "name": "Slyvia Haley",
    "gender": "female",
    "email": "fake_eliz.jaskolski@yahoo.com",
    "status": "active"
}
HTTP/1.1 201 Created
Date: Sun, 23 Jun 2024 22:18:07 GMT
Content-Type: application/json; charset=utf-8
Content-Length: 133
Connection: keep-alive
Cache-Control: max-age=0, private, must-revalidate
etag: W/"eee372b6780be68cc43d18494f3c31d5"
location: https://gorest.co.in/public/v1/users/6979503
referrer-policy: strict-origin-when-cross-origin
vary: Origin
x-content-type-options: nosniff
x-download-options: noopen
x-frame-options: SAMEORIGIN
x-permitted-cross-domain-policies: none
x-ratelimit-limit: 90
x-ratelimit-remaining: 89
x-ratelimit-reset: 1
x-request-id: e486bad6-151a-4aba-80d4-a76f9726e063
x-runtime: 0.162926
x-xss-protection: 0
CF-Cache-Status: DYNAMIC
Report-To: {"endpoints":[{"url":"https:\/\/a.nel.cloudflare.com\/report\/v4?s=DaMc5uvEV%2BDeBwKFUU60DXZue9fmhDccdqQTgRfOl3R%2FczfFiXj5HehOn4CEBrzo%2Bzc0YAlGvi2udObGAQsRrpxLtueuxkZkdP2fldlT1G4%2FuKfxzbU3Fnqe1HI7FBM%3D"}],"group":"cf-nel","max_age":604800}
NEL: {"success_fraction":0,"report_to":"cf-nel","max_age":604800}
Server: cloudflare
CF-RAY: 8987da22cc9379b6-LHR
alt-svc: h3=":443"; ma=86400

{
    "meta": null,
    "data": {
        "id": 6979503,
        "name": "Slyvia Haley",
        "email": "fake_eliz.jaskolski@yahoo.com",
        "gender": "female",
        "status": "active"
    }
}
Request method:	PATCH
Request URI:	https://gorest.co.in/public/v1/users/6979503
Proxy:			<none>
Request params:	<none>
Query params:	<none>
Form params:	<none>
Path params:	<none>
Headers:		Authorization=Bearer fa80cece96297cd1ee8f66607d62a94723a4ddd79769451e5a6ef9efba66ca61
				Accept=*/*
				Content-Type=application/json
Cookies:		<none>
Multiparts:		<none>
Body:
{
    
}
HTTP/1.1 200 OK
Date: Sun, 23 Jun 2024 22:18:08 GMT
Content-Type: application/json; charset=utf-8
Transfer-Encoding: chunked
Connection: keep-alive
Cache-Control: max-age=0, private, must-revalidate
etag: W/"eee372b6780be68cc43d18494f3c31d5"
referrer-policy: strict-origin-when-cross-origin
vary: Origin
x-content-type-options: nosniff
x-download-options: noopen
x-frame-options: SAMEORIGIN
x-permitted-cross-domain-policies: none
x-ratelimit-limit: 90
x-ratelimit-remaining: 89
x-ratelimit-reset: 1
x-request-id: cddfd42d-718a-49a0-8a37-7757346cd878
x-runtime: 0.090490
x-xss-protection: 0
CF-Cache-Status: DYNAMIC
Report-To: {"endpoints":[{"url":"https:\/\/a.nel.cloudflare.com\/report\/v4?s=IM74cmGKi1gJbvwUlaPQYqDcpGq4bcMocB1od%2BEb4vYYuod5yT0Z%2FePgGJ3Hq68Qh9l12S2UzCsrqok0ZDNrKvqlCFgMMEMZOttZo%2FAfZvkcLeG6eMau0R6s4pJaP2Y%3D"}],"group":"cf-nel","max_age":604800}
NEL: {"success_fraction":0,"report_to":"cf-nel","max_age":604800}
Server: cloudflare
CF-RAY: 8987da29da31773b-LHR
Content-Encoding: gzip
alt-svc: h3=":443"; ma=86400

{
    "meta": null,
    "data": {
        "id": 6979503,
        "name": "Slyvia Haley",
        "email": "fake_eliz.jaskolski@yahoo.com",
        "gender": "female",
        "status": "active"
    }
}
]]></system-out>
  </testcase>
  <testcase name="Users_UpdateUsers_WrongId" classname="UpdateUserTests" time="1.497">
    <system-out><![CDATA[Request method:	POST
Request URI:	https://gorest.co.in/public/v1/users
Proxy:			<none>
Request params:	<none>
Query params:	<none>
Form params:	<none>
Path params:	<none>
Headers:		Authorization=Bearer fa80cece96297cd1ee8f66607d62a94723a4ddd79769451e5a6ef9efba66ca61
				Accept=*/*
				Content-Type=application/json
Cookies:		<none>
Multiparts:		<none>
Body:
{
    "name": "Breanna Runolfsdottir",
    "gender": "female",
    "email": "fake_marvin.hackett@gmail.com",
    "status": "active"
}
HTTP/1.1 201 Created
Date: Sun, 23 Jun 2024 22:18:09 GMT
Content-Type: application/json; charset=utf-8
Content-Length: 142
Connection: keep-alive
Cache-Control: max-age=0, private, must-revalidate
etag: W/"9ab80f1c1592c5e710b9cf48cb116cd4"
location: https://gorest.co.in/public/v1/users/6979504
referrer-policy: strict-origin-when-cross-origin
vary: Origin
x-content-type-options: nosniff
x-download-options: noopen
x-frame-options: SAMEORIGIN
x-permitted-cross-domain-policies: none
x-ratelimit-limit: 90
x-ratelimit-remaining: 89
x-ratelimit-reset: 1
x-request-id: f0ff51c7-1094-49bf-b372-88039fbe01a9
x-runtime: 0.107601
x-xss-protection: 0
CF-Cache-Status: DYNAMIC
Report-To: {"endpoints":[{"url":"https:\/\/a.nel.cloudflare.com\/report\/v4?s=mtSS9UmTDheBqMuWglLaoQFxoBGPKLGh3DnsStqrV6VEmQ6jHeuKAF8%2BYaht3ArQLobws%2BuxPmGSJsRMeSQqZT8TCJ5GG2AoYkVbt0KU787tyo5KfRqnJ7C%2FPrgp8D4%3D"}],"group":"cf-nel","max_age":604800}
NEL: {"success_fraction":0,"report_to":"cf-nel","max_age":604800}
Server: cloudflare
CF-RAY: 8987da2c9e506527-LHR
alt-svc: h3=":443"; ma=86400

{
    "meta": null,
    "data": {
        "id": 6979504,
        "name": "Breanna Runolfsdottir",
        "email": "fake_marvin.hackett@gmail.com",
        "gender": "female",
        "status": "active"
    }
}
Request method:	PATCH
Request URI:	https://gorest.co.in/public/v1/users/1
Proxy:			<none>
Request params:	<none>
Query params:	<none>
Form params:	<none>
Path params:	<none>
Headers:		Authorization=Bearer fa80cece96297cd1ee8f66607d62a94723a4ddd79769451e5a6ef9efba66ca61
				Accept=*/*
				Content-Type=application/json
Cookies:		<none>
Multiparts:		<none>
Body:
{
    
}
HTTP/1.1 404 Not Found
Date: Sun, 23 Jun 2024 22:18:10 GMT
Content-Type: application/json; charset=utf-8
Transfer-Encoding: chunked
Connection: keep-alive
Cache-Control: no-cache
referrer-policy: strict-origin-when-cross-origin
vary: Origin
x-content-type-options: nosniff
x-download-options: noopen
x-frame-options: SAMEORIGIN
x-permitted-cross-domain-policies: none
x-ratelimit-limit: 90
x-ratelimit-remaining: 89
x-ratelimit-reset: 1
x-request-id: d4a1abcc-a9a6-47a5-973d-64d08c5723a4
x-runtime: 0.064183
x-xss-protection: 0
CF-Cache-Status: DYNAMIC
Report-To: {"endpoints":[{"url":"https:\/\/a.nel.cloudflare.com\/report\/v4?s=bH%2BJ7Xi%2BVkTrdzmjEmGnEoLgMlOMyAL%2FpQLmIdNoviEXvAGnfpRI7%2BOiSUH5sB7dRcyLVZcIRN1M41IzVPgEg4MOI94SliGaYqbnjIHLGeLuYjZivNecdrFJKQWqdA0%3D"}],"group":"cf-nel","max_age":604800}
NEL: {"success_fraction":0,"report_to":"cf-nel","max_age":604800}
Server: cloudflare
CF-RAY: 8987da315e2563d7-LHR
Content-Encoding: gzip
alt-svc: h3=":443"; ma=86400

{
    "meta": null,
    "data": {
        "message": "Resource not found"
    }
}
]]></system-out>
  </testcase>
  <testcase name="Users_UpdateUsers_BadRequest" classname="UpdateUserTests" time="0.953">
    <system-out><![CDATA[Request method:	POST
Request URI:	https://gorest.co.in/public/v1/users
Proxy:			<none>
Request params:	<none>
Query params:	<none>
Form params:	<none>
Path params:	<none>
Headers:		Authorization=Bearer fa80cece96297cd1ee8f66607d62a94723a4ddd79769451e5a6ef9efba66ca61
				Accept=*/*
				Content-Type=application/json
Cookies:		<none>
Multiparts:		<none>
Body:
{
    "name": "Danae Kuhlman PhD",
    "gender": "male",
    "email": "fake_dale.wolff@yahoo.com",
    "status": "active"
}
HTTP/1.1 201 Created
Date: Sun, 23 Jun 2024 22:18:10 GMT
Content-Type: application/json; charset=utf-8
Content-Length: 132
Connection: keep-alive
Cache-Control: max-age=0, private, must-revalidate
etag: W/"7ba3663c78220f5c318d689a8276c486"
location: https://gorest.co.in/public/v1/users/6979505
referrer-policy: strict-origin-when-cross-origin
vary: Origin
x-content-type-options: nosniff
x-download-options: noopen
x-frame-options: SAMEORIGIN
x-permitted-cross-domain-policies: none
x-ratelimit-limit: 90
x-ratelimit-remaining: 89
x-ratelimit-reset: 2
x-request-id: 46e887cb-e8b8-4da9-b34d-c922e1899e3c
x-runtime: 0.147001
x-xss-protection: 0
CF-Cache-Status: DYNAMIC
Report-To: {"endpoints":[{"url":"https:\/\/a.nel.cloudflare.com\/report\/v4?s=had6gw3ig8g1gDgTJgrDkFYSEX%2F9kvRH8Yi2zqiAN4FHAKEGRbsNhreZ%2Fy1KhGSS8TjPNaZsnTfLGGsmI1IYEAfY8Q1UyD0fs2b7Kv4AJFQ8ElzH8i%2B18TE%2BLe6G5qw%3D"}],"group":"cf-nel","max_age":604800}
NEL: {"success_fraction":0,"report_to":"cf-nel","max_age":604800}
Server: cloudflare
CF-RAY: 8987da361f159460-LHR
alt-svc: h3=":443"; ma=86400

{
    "meta": null,
    "data": {
        "id": 6979505,
        "name": "Danae Kuhlman PhD",
        "email": "fake_dale.wolff@yahoo.com",
        "gender": "male",
        "status": "active"
    }
}
HTTP/1.1 400 Bad Request
Date: Sun, 23 Jun 2024 22:18:10 GMT
Content-Type: application/json; charset=utf-8
Content-Length: 82
Connection: keep-alive
Cache-Control: no-cache
referrer-policy: strict-origin-when-cross-origin
vary: Accept, Origin
x-content-type-options: nosniff
x-download-options: noopen
x-frame-options: SAMEORIGIN
x-permitted-cross-domain-policies: none
x-request-id: aa035587-bd4b-4def-b62d-89b15668b604
x-runtime: 0.014348
x-xss-protection: 0
CF-Cache-Status: DYNAMIC
Report-To: {"endpoints":[{"url":"https:\/\/a.nel.cloudflare.com\/report\/v4?s=b9QWncPu62l8xHfYTlFmTGQSzM8PwlX0O7XxbupHAxYDprqfCspQeLjZrZNe%2FYzBG2%2FgfFfYXX2bd5Oum%2Fca4aMdCA4Gt36u3dnHPIFIQorfm1RBbVrEz4xGV8XhY9Q%3D"}],"group":"cf-nel","max_age":604800}
NEL: {"success_fraction":0,"report_to":"cf-nel","max_age":604800}
Server: cloudflare
CF-RAY: 8987da39299c3865-LHR
alt-svc: h3=":443"; ma=86400

{
    "meta": null,
    "data": {
        "message": "Error occurred while parsing request parameters"
    }
}
]]></system-out>
  </testcase>
  <testcase name="Users_UpdateUsers_Success" classname="UpdateUserTests" time="1.417">
    <system-out><![CDATA[Request method:	POST
Request URI:	https://gorest.co.in/public/v1/users
Proxy:			<none>
Request params:	<none>
Query params:	<none>
Form params:	<none>
Path params:	<none>
Headers:		Authorization=Bearer fa80cece96297cd1ee8f66607d62a94723a4ddd79769451e5a6ef9efba66ca61
				Accept=*/*
				Content-Type=application/json
Cookies:		<none>
Multiparts:		<none>
Body:
{
    "name": "Rosena Rowe",
    "gender": "female",
    "email": "fake_enda.ankunding@hotmail.com",
    "status": "active"
}
HTTP/1.1 201 Created
Date: Sun, 23 Jun 2024 22:18:11 GMT
Content-Type: application/json; charset=utf-8
Content-Length: 134
Connection: keep-alive
Cache-Control: max-age=0, private, must-revalidate
etag: W/"ba665a19faf8bf13be3c3a680f67e72c"
location: https://gorest.co.in/public/v1/users/6979506
referrer-policy: strict-origin-when-cross-origin
vary: Origin
x-content-type-options: nosniff
x-download-options: noopen
x-frame-options: SAMEORIGIN
x-permitted-cross-domain-policies: none
x-ratelimit-limit: 90
x-ratelimit-remaining: 88
x-ratelimit-reset: 2
x-request-id: 9065a32e-98e2-4ee6-b08d-2b015d7b0d6d
x-runtime: 0.102853
x-xss-protection: 0
CF-Cache-Status: DYNAMIC
Report-To: {"endpoints":[{"url":"https:\/\/a.nel.cloudflare.com\/report\/v4?s=Siz6ylvV4PXjfYLm8mM0btV2NB1Ru3%2BwscvgGRNoiWOtbDXtzKMDl1AJUgr4TwNoP6OAH7cGImmweMoNiVgbMUsRHslsbWBnN8bIi7bjhIoHzncBBE7f4KjxjWrF4cI%3D"}],"group":"cf-nel","max_age":604800}
NEL: {"success_fraction":0,"report_to":"cf-nel","max_age":604800}
Server: cloudflare
CF-RAY: 8987da3ba9d27697-LHR
alt-svc: h3=":443"; ma=86400

{
    "meta": null,
    "data": {
        "id": 6979506,
        "name": "Rosena Rowe",
        "email": "fake_enda.ankunding@hotmail.com",
        "gender": "female",
        "status": "active"
    }
}
Request method:	PATCH
Request URI:	https://gorest.co.in/public/v1/users/6979506
Proxy:			<none>
Request params:	<none>
Query params:	<none>
Form params:	<none>
Path params:	<none>
Headers:		Authorization=Bearer fa80cece96297cd1ee8f66607d62a94723a4ddd79769451e5a6ef9efba66ca61
				Accept=*/*
				Content-Type=application/json
Cookies:		<none>
Multiparts:		<none>
Body:
{
    "name": "Allasani Peddana",
    "gender": "female",
    "email": "fake_selena.jaskolski@gmail.com",
    "status": "active"
}
HTTP/1.1 200 OK
Date: Sun, 23 Jun 2024 22:18:12 GMT
Content-Type: application/json; charset=utf-8
Transfer-Encoding: chunked
Connection: keep-alive
Cache-Control: max-age=0, private, must-revalidate
etag: W/"68bf3391d6a9d7a452c0413876f51b13"
referrer-policy: strict-origin-when-cross-origin
vary: Origin
x-content-type-options: nosniff
x-download-options: noopen
x-frame-options: SAMEORIGIN
x-permitted-cross-domain-policies: none
x-ratelimit-limit: 90
x-ratelimit-remaining: 88
x-ratelimit-reset: 2
x-request-id: c46a5121-41f0-44ee-b908-80367aa4284d
x-runtime: 0.111583
x-xss-protection: 0
CF-Cache-Status: DYNAMIC
Report-To: {"endpoints":[{"url":"https:\/\/a.nel.cloudflare.com\/report\/v4?s=I6vsCX%2FWFzPYyDnO79NNe7teSWP5PBlRaF1d0Xh8f5j%2BGRdeDikEdygVjvllIaGw%2FnPdi4TQXyvAextMwlZFuWaw5c1uC93GgtN7ifMi0baZAvX4czBAHGoXr2oiEk4%3D"}],"group":"cf-nel","max_age":604800}
NEL: {"success_fraction":0,"report_to":"cf-nel","max_age":604800}
Server: cloudflare
CF-RAY: 8987da41ecca63eb-LHR
Content-Encoding: gzip
alt-svc: h3=":443"; ma=86400

{
    "meta": null,
    "data": {
        "email": "fake_selena.jaskolski@gmail.com",
        "name": "Allasani Peddana",
        "gender": "female",
        "status": "active",
        "id": 6979506
    }
}
]]></system-out>
  </testcase>
  <testcase name="Users_UpdateUsers_ExistingEmail" classname="UpdateUserTests" time="1.55">
    <system-out><![CDATA[Request method:	POST
Request URI:	https://gorest.co.in/public/v1/users
Proxy:			<none>
Request params:	<none>
Query params:	<none>
Form params:	<none>
Path params:	<none>
Headers:		Authorization=Bearer fa80cece96297cd1ee8f66607d62a94723a4ddd79769451e5a6ef9efba66ca61
				Accept=*/*
				Content-Type=application/json
Cookies:		<none>
Multiparts:		<none>
Body:
{
    "name": "Virgil Adams",
    "gender": "female",
    "email": "fake_danae.glover@hotmail.com",
    "status": "active"
}
HTTP/1.1 201 Created
Date: Sun, 23 Jun 2024 22:18:12 GMT
Content-Type: application/json; charset=utf-8
Content-Length: 133
Connection: keep-alive
Cache-Control: max-age=0, private, must-revalidate
etag: W/"2442705d8ed8d11cc266fb95c4240e68"
location: https://gorest.co.in/public/v1/users/6979507
referrer-policy: strict-origin-when-cross-origin
vary: Origin
x-content-type-options: nosniff
x-download-options: noopen
x-frame-options: SAMEORIGIN
x-permitted-cross-domain-policies: none
x-ratelimit-limit: 90
x-ratelimit-remaining: 87
x-ratelimit-reset: 3
x-request-id: 7922f8c3-71f5-433f-bbb5-4cfc224cbeb8
x-runtime: 0.155742
x-xss-protection: 0
CF-Cache-Status: DYNAMIC
Report-To: {"endpoints":[{"url":"https:\/\/a.nel.cloudflare.com\/report\/v4?s=jZZqN1FEeqZLeipJyoMOQVLMJfg8628MflGBoOchOmS0pOv%2FLJ5A8NW%2B2jEmEdObJbTzOHpSDojJKbiP%2BPs5U3LdRKno%2Bzi8KW12%2BM%2Bwhe6vughq2HIbxJVnMoNZOO4%3D"}],"group":"cf-nel","max_age":604800}
NEL: {"success_fraction":0,"report_to":"cf-nel","max_age":604800}
Server: cloudflare
CF-RAY: 8987da44c9c771e0-LHR
alt-svc: h3=":443"; ma=86400

{
    "meta": null,
    "data": {
        "id": 6979507,
        "name": "Virgil Adams",
        "email": "fake_danae.glover@hotmail.com",
        "gender": "female",
        "status": "active"
    }
}
Request method:	PATCH
Request URI:	https://gorest.co.in/public/v1/users/6979507
Proxy:			<none>
Request params:	<none>
Query params:	<none>
Form params:	<none>
Path params:	<none>
Headers:		Authorization=Bearer fa80cece96297cd1ee8f66607d62a94723a4ddd79769451e5a6ef9efba66ca61
				Accept=*/*
				Content-Type=application/json
Cookies:		<none>
Multiparts:		<none>
Body:
{
    "email": "email@email.com"
}
HTTP/1.1 422 Unprocessable Entity
Date: Sun, 23 Jun 2024 22:18:13 GMT
Content-Type: application/json; charset=utf-8
Content-Length: 75
Connection: keep-alive
Cache-Control: no-cache
referrer-policy: strict-origin-when-cross-origin
vary: Origin
x-content-type-options: nosniff
x-download-options: noopen
x-frame-options: SAMEORIGIN
x-permitted-cross-domain-policies: none
x-ratelimit-limit: 90
x-ratelimit-remaining: 86
x-ratelimit-reset: 4
x-request-id: 0dac6720-ed25-4208-8596-0777843dccfd
x-runtime: 0.086982
x-xss-protection: 0
CF-Cache-Status: DYNAMIC
Report-To: {"endpoints":[{"url":"https:\/\/a.nel.cloudflare.com\/report\/v4?s=VGXBi%2Fsd7lH2FrGMiK8Kgv24P5k4%2FxpJ4ZkWjHh3j3eVnnhHF2Ma5NjWFGLcw2pwHumsrnjP3tkrEaHFCtEqp1ON2GXCG1LrD%2BHkprTFIuhTyceTeWATfqLmHmIMBQE%3D"}],"group":"cf-nel","max_age":604800}
NEL: {"success_fraction":0,"report_to":"cf-nel","max_age":604800}
Server: cloudflare
CF-RAY: 8987da486ecd957d-LHR
alt-svc: h3=":443"; ma=86400

{
    "meta": null,
    "data": [
        {
            "field": "email",
            "message": "has already been taken"
        }
    ]
}
]]></system-out>
  </testcase>
  <testcase name="Users_UpdateUsers_Unauthorized" classname="UpdateUserTests" time="1.436">
    <system-out><![CDATA[Request method:	POST
Request URI:	https://gorest.co.in/public/v1/users
Proxy:			<none>
Request params:	<none>
Query params:	<none>
Form params:	<none>
Path params:	<none>
Headers:		Authorization=Bearer fa80cece96297cd1ee8f66607d62a94723a4ddd79769451e5a6ef9efba66ca61
				Accept=*/*
				Content-Type=application/json
Cookies:		<none>
Multiparts:		<none>
Body:
{
    "name": "Jonathon Schuster",
    "gender": "female",
    "email": "fake_nedra.emard@gmail.com",
    "status": "inactive"
}
HTTP/1.1 201 Created
Date: Sun, 23 Jun 2024 22:18:14 GMT
Content-Type: application/json; charset=utf-8
Content-Length: 137
Connection: keep-alive
Cache-Control: max-age=0, private, must-revalidate
etag: W/"be5c2801048d61c99de74e9a8fdbd48d"
location: https://gorest.co.in/public/v1/users/6979508
referrer-policy: strict-origin-when-cross-origin
vary: Origin
x-content-type-options: nosniff
x-download-options: noopen
x-frame-options: SAMEORIGIN
x-permitted-cross-domain-policies: none
x-ratelimit-limit: 90
x-ratelimit-remaining: 85
x-ratelimit-reset: 4
x-request-id: 826074d4-d253-4f4e-861b-a92c554c9b2d
x-runtime: 0.133149
x-xss-protection: 0
CF-Cache-Status: DYNAMIC
Report-To: {"endpoints":[{"url":"https:\/\/a.nel.cloudflare.com\/report\/v4?s=01G66wNVoLt72Bi%2Bw31Sj42Ssv7WvCi3P3yA7lZ%2FE7Byzclqx21V%2FDhDUBajMkrMLyZcn5xOpPSdlGPWm2AmWR9Mke2XZaY44PeptAWFH%2BLSDwtL5FKP778gKGbkkkI%3D"}],"group":"cf-nel","max_age":604800}
NEL: {"success_fraction":0,"report_to":"cf-nel","max_age":604800}
Server: cloudflare
CF-RAY: 8987da4f0e2893dc-LHR
alt-svc: h3=":443"; ma=86400

{
    "meta": null,
    "data": {
        "id": 6979508,
        "name": "Jonathon Schuster",
        "email": "fake_nedra.emard@gmail.com",
        "gender": "female",
        "status": "inactive"
    }
}
]]></system-out>
  </testcase>
  <testcase name="Users_UpdateUsers_WrongStatus" classname="UpdateUserTests" time="1.49">
    <system-out><![CDATA[Request method:	POST
Request URI:	https://gorest.co.in/public/v1/users
Proxy:			<none>
Request params:	<none>
Query params:	<none>
Form params:	<none>
Path params:	<none>
Headers:		Authorization=Bearer fa80cece96297cd1ee8f66607d62a94723a4ddd79769451e5a6ef9efba66ca61
				Accept=*/*
				Content-Type=application/json
Cookies:		<none>
Multiparts:		<none>
Body:
{
    "name": "Tyree Yundt",
    "gender": "female",
    "email": "fake_ingrid.streich@gmail.com",
    "status": "active"
}
HTTP/1.1 201 Created
Date: Sun, 23 Jun 2024 22:18:15 GMT
Content-Type: application/json; charset=utf-8
Content-Length: 132
Connection: keep-alive
Cache-Control: max-age=0, private, must-revalidate
etag: W/"57f45a3f8bbecfed31f9345e3c25c4e0"
location: https://gorest.co.in/public/v1/users/6979509
referrer-policy: strict-origin-when-cross-origin
vary: Origin
x-content-type-options: nosniff
x-download-options: noopen
x-frame-options: SAMEORIGIN
x-permitted-cross-domain-policies: none
x-ratelimit-limit: 90
x-ratelimit-remaining: 85
x-ratelimit-reset: 3
x-request-id: 58022f98-3dba-4819-a7d3-c180a34609f2
x-runtime: 0.128014
x-xss-protection: 0
CF-Cache-Status: DYNAMIC
Report-To: {"endpoints":[{"url":"https:\/\/a.nel.cloudflare.com\/report\/v4?s=wBTdVO4PUC9qVQMk7zubBYk%2BhzZFGiqnF3WhKCPpGWmLST33PqvYc5Ln7VR2cjWAXYj1%2FG5dcsJTvv4yxVdhWRNxmFVToPFN5G6KoUiK281gbr%2FTCluiYpldTaJpdoo%3D"}],"group":"cf-nel","max_age":604800}
NEL: {"success_fraction":0,"report_to":"cf-nel","max_age":604800}
Server: cloudflare
CF-RAY: 8987da578bf89412-LHR
alt-svc: h3=":443"; ma=86400

{
    "meta": null,
    "data": {
        "id": 6979509,
        "name": "Tyree Yundt",
        "email": "fake_ingrid.streich@gmail.com",
        "gender": "female",
        "status": "active"
    }
}
Request method:	PATCH
Request URI:	https://gorest.co.in/public/v1/users/6979509
Proxy:			<none>
Request params:	<none>
Query params:	<none>
Form params:	<none>
Path params:	<none>
Headers:		Authorization=Bearer fa80cece96297cd1ee8f66607d62a94723a4ddd79769451e5a6ef9efba66ca61
				Accept=*/*
				Content-Type=application/json
Cookies:		<none>
Multiparts:		<none>
Body:
{
    "status": "wrongStatus"
}
HTTP/1.1 422 Unprocessable Entity
Date: Sun, 23 Jun 2024 22:18:16 GMT
Content-Type: application/json; charset=utf-8
Content-Length: 68
Connection: keep-alive
Cache-Control: no-cache
referrer-policy: strict-origin-when-cross-origin
vary: Origin
x-content-type-options: nosniff
x-download-options: noopen
x-frame-options: SAMEORIGIN
x-permitted-cross-domain-policies: none
x-ratelimit-limit: 90
x-ratelimit-remaining: 86
x-ratelimit-reset: 3
x-request-id: fe8837ce-e6dc-4ec7-8500-8d0626340358
x-runtime: 0.054718
x-xss-protection: 0
CF-Cache-Status: DYNAMIC
Report-To: {"endpoints":[{"url":"https:\/\/a.nel.cloudflare.com\/report\/v4?s=l%2BYFaTWrv3qBeK5L%2FMwV1NYRy0Om2eV2idK3bi1SwU50gXSTrE0WXtA5xbSU5UPLXyfEi77qWJllJT3oLcGEQcxPqcVVqFpjECXHWDFES6mXJblYPk9Kyj8DNYKNjFQ%3D"}],"group":"cf-nel","max_age":604800}
NEL: {"success_fraction":0,"report_to":"cf-nel","max_age":604800}
Server: cloudflare
CF-RAY: 8987da5b2bc848af-LHR
alt-svc: h3=":443"; ma=86400

{
    "meta": null,
    "data": [
        {
            "field": "status",
            "message": "can't be blank"
        }
    ]
}
]]></system-out>
  </testcase>
</testsuite>